# JRE version: Java(TM) SE Runtime Environment (15.0.2+7) (build 15.0.2+7-27)
# Java VM: Java HotSpot(TM) 64-Bit Server VM (15.0.2+7-27, mixed mode, sharing, tiered, compressed oops, g1 gc, bsd-amd64)
GC Precious Log:
 CPUs: 8 total, 8 available
 Memory: 16384M
 Large Page Support: Disabled
 NUMA Support: Disabled
 Compressed Oops: Enabled (Zero based)
 Heap Region Size: 2M
 Heap Min Capacity: 8M
 Heap Initial Capacity: 256M
 Heap Max Capacity: 4G
 Pre-touch: Disabled
 Parallel Workers: 8
 Concurrent Workers: 2
 Concurrent Refinement Workers: 8
 Periodic GC: Disabled
Heap:
 garbage-first heap   total 505856K, used 303104K [0x0000000700000000, 0x0000000800000000)
  region size 2048K, 3 young (6144K), 2 survivors (4096K)
 Metaspace       used 1064K, capacity 4586K, committed 4864K, reserved 1056768K
  class space    used 98K, capacity 394K, committed 512K, reserved 1048576K
GC Heap History (20 events):
Event: 798.828 GC heap before
{Heap before GC invocations=1667 (full 0):
 garbage-first heap   total 479232K, used 281665K [0x0000000700000000, 0x0000000800000000)
  region size 2048K, 8 young (16384K), 1 survivors (2048K)
 Metaspace       used 1064K, capacity 4586K, committed 4864K, reserved 1056768K
  class space    used 98K, capacity 394K, committed 512K, reserved 1048576K
}
Event: 798.866 GC heap after
{Heap after GC invocations=1668 (full 0):
 garbage-first heap   total 479232K, used 284168K [0x0000000700000000, 0x0000000800000000)
  region size 2048K, 2 young (4096K), 2 survivors (4096K)
 Metaspace       used 1064K, capacity 4586K, committed 4864K, reserved 1056768K
  class space    used 98K, capacity 394K, committed 512K, reserved 1048576K
}
Event: 798.946 GC heap before
{Heap before GC invocations=1669 (full 0):
 garbage-first heap   total 225280K, used 108040K [0x0000000700000000, 0x0000000800000000)
  region size 2048K, 23 young (47104K), 2 survivors (4096K)
 Metaspace       used 1064K, capacity 4586K, committed 4864K, reserved 1056768K
  class space    used 98K, capacity 394K, committed 512K, reserved 1048576K
}
Event: 798.971 GC heap after
{Heap after GC invocations=1670 (full 0):
 garbage-first heap   total 225280K, used 105120K [0x0000000700000000, 0x0000000800000000)
  region size 2048K, 3 young (6144K), 3 survivors (6144K)
 Metaspace       used 1064K, capacity 4586K, committed 4864K, reserved 1056768K
  class space    used 98K, capacity 394K, committed 512K, reserved 1048576K
}
Event: 799.007 GC heap before
{Heap before GC invocations=1670 (full 0):
 garbage-first heap   total 225280K, used 131744K [0x0000000700000000, 0x0000000800000000)
  region size 2048K, 16 young (32768K), 3 survivors (6144K)
 Metaspace       used 1064K, capacity 4586K, committed 4864K, reserved 1056768K
  class space    used 98K, capacity 394K, committed 512K, reserved 1048576K
}
Event: 799.023 GC heap after
{Heap after GC invocations=1671 (full 0):
 garbage-first heap   total 225280K, used 134664K [0x0000000700000000, 0x0000000800000000)
  region size 2048K, 2 young (4096K), 2 survivors (4096K)
 Metaspace       used 1064K, capacity 4586K, committed 4864K, reserved 1056768K
  class space    used 98K, capacity 394K, committed 512K, reserved 1048576K
}
Event: 799.049 GC heap before
{Heap before GC invocations=1671 (full 0):
 garbage-first heap   total 225280K, used 153096K [0x0000000700000000, 0x0000000800000000)
  region size 2048K, 11 young (22528K), 2 survivors (4096K)
 Metaspace       used 1064K, capacity 4586K, committed 4864K, reserved 1056768K
  class space    used 98K, capacity 394K, committed 512K, reserved 1048576K
}
Event: 799.061 GC heap after
{Heap after GC invocations=1672 (full 0):
 garbage-first heap   total 225280K, used 155144K [0x0000000700000000, 0x0000000800000000)
  region size 2048K, 2 young (4096K), 2 survivors (4096K)
 Metaspace       used 1064K, capacity 4586K, committed 4864K, reserved 1056768K
  class space    used 98K, capacity 394K, committed 512K, reserved 1048576K
}
Event: 799.078 GC heap before
{Heap before GC invocations=1672 (full 0):
 garbage-first heap   total 225280K, used 167432K [0x0000000700000000, 0x0000000800000000)
  region size 2048K, 8 young (16384K), 2 survivors (4096K)
 Metaspace       used 1064K, capacity 4586K, committed 4864K, reserved 1056768K
  class space    used 98K, capacity 394K, committed 512K, reserved 1048576K
}
Event: 799.087 GC heap after
{Heap after GC invocations=1673 (full 0):
 garbage-first heap   total 270336K, used 169119K [0x0000000700000000, 0x0000000800000000)
  region size 2048K, 1 young (2048K), 1 survivors (2048K)
 Metaspace       used 1064K, capacity 4586K, committed 4864K, reserved 1056768K
  class space    used 98K, capacity 394K, committed 512K, reserved 1048576K
}
Event: 799.116 GC heap before
{Heap before GC invocations=1673 (full 0):
 garbage-first heap   total 270336K, used 173502K [0x0000000700000000, 0x0000000800000000)
  region size 2048K, 10 young (20480K), 1 survivors (2048K)
 Metaspace       used 1064K, capacity 4586K, committed 4864K, reserved 1056768K
  class space    used 98K, capacity 394K, committed 512K, reserved 1048576K
}
Event: 799.127 GC heap after
{Heap after GC invocations=1674 (full 0):
 garbage-first heap   total 270336K, used 175912K [0x0000000700000000, 0x0000000800000000)
  region size 2048K, 2 young (4096K), 2 survivors (4096K)
 Metaspace       used 1064K, capacity 4586K, committed 4864K, reserved 1056768K
  class space    used 98K, capacity 394K, committed 512K, reserved 1048576K
}
Event: 799.154 GC heap before
{Heap before GC invocations=1674 (full 0):
 garbage-first heap   total 270336K, used 194344K [0x0000000700000000, 0x0000000800000000)
  region size 2048K, 11 young (22528K), 2 survivors (4096K)
 Metaspace       used 1064K, capacity 4586K, committed 4864K, reserved 1056768K
  class space    used 98K, capacity 394K, committed 512K, reserved 1048576K
}
Event: 799.165 GC heap after
{Heap after GC invocations=1675 (full 0):
 garbage-first heap   total 270336K, used 195970K [0x0000000700000000, 0x0000000800000000)
  region size 2048K, 2 young (4096K), 2 survivors (4096K)
 Metaspace       used 1064K, capacity 4586K, committed 4864K, reserved 1056768K
  class space    used 98K, capacity 394K, committed 512K, reserved 1048576K
}
Event: 799.180 GC heap before
{Heap before GC invocations=1676 (full 0):
 garbage-first heap   total 270336K, used 206210K [0x0000000700000000, 0x0000000800000000)
  region size 2048K, 7 young (14336K), 2 survivors (4096K)
 Metaspace       used 1064K, capacity 4586K, committed 4864K, reserved 1056768K
  class space    used 98K, capacity 394K, committed 512K, reserved 1048576K
}
Event: 799.188 GC heap after
{Heap after GC invocations=1677 (full 0):
 garbage-first heap   total 270336K, used 208418K [0x0000000700000000, 0x0000000800000000)
  region size 2048K, 1 young (2048K), 1 survivors (2048K)
 Metaspace       used 1064K, capacity 4586K, committed 4864K, reserved 1056768K
  class space    used 98K, capacity 394K, committed 512K, reserved 1048576K
}
Event: 799.201 GC heap before
{Heap before GC invocations=1677 (full 0):
 garbage-first heap   total 270336K, used 216610K [0x0000000700000000, 0x0000000800000000)
  region size 2048K, 6 young (12288K), 1 survivors (2048K)
 Metaspace       used 1064K, capacity 4586K, committed 4864K, reserved 1056768K
  class space    used 98K, capacity 394K, committed 512K, reserved 1048576K
}
Event: 799.211 GC heap after
{Heap after GC invocations=1678 (full 0):
 garbage-first heap   total 325632K, used 218920K [0x0000000700000000, 0x0000000800000000)
  region size 2048K, 1 young (2048K), 1 survivors (2048K)
 Metaspace       used 1064K, capacity 4586K, committed 4864K, reserved 1056768K
  class space    used 98K, capacity 394K, committed 512K, reserved 1048576K
}
Event: 805.106 GC heap before
{Heap before GC invocations=1679 (full 0):
 garbage-first heap   total 505856K, used 300840K [0x0000000700000000, 0x0000000800000000)
  region size 2048K, 2 young (4096K), 1 survivors (2048K)
 Metaspace       used 1064K, capacity 4586K, committed 4864K, reserved 1056768K
  class space    used 98K, capacity 394K, committed 512K, reserved 1048576K
}
Event: 805.124 GC heap after
{Heap after GC invocations=1680 (full 0):
 garbage-first heap   total 505856K, used 301056K [0x0000000700000000, 0x0000000800000000)
  region size 2048K, 2 young (4096K), 2 survivors (4096K)
 Metaspace       used 1064K, capacity 4586K, committed 4864K, reserved 1056768K
  class space    used 98K, capacity 394K, committed 512K, reserved 1048576K
}

